<?xml version="1.0" encoding="UTF-8"?>
<!-- Generated by org.testng.reporters.JUnitXMLReporter -->
<testsuite hostname="in-pushyamk-1" name="User Stories" tests="14" failures="4" timestamp="25 May 2017 10:24:33 GMT" time="635.91" errors="0">
  <testcase name="SaveApplicationType" time="13.427" classname="testScripts.ApplicationTypeTest"/>
  <testcase name="CreatedApplicationInApplicationPage" time="24.07" classname="testScripts.ApplicationParticipantTest"/>
  <testcase name="SaveApplicationType" time="35.156" classname="testScripts.ApplicationParticipantTest">
    <failure type="java.lang.AssertionError" message="The following asserts failed:
	expected [04/05/2017] but found []">
      <![CDATA[java.lang.AssertionError: The following asserts failed:
	expected [04/05/2017] but found []
	at testScripts.ApplicationParticipantTest.SaveApplicationType(ApplicationParticipantTest.java:139)
... Removed 26 stack frames]]>
    </failure>
  </testcase> <!-- SaveApplicationType -->
  <testcase name="VerifyRequiredFieldValidation" time="24.964" classname="testScripts.ApplicationParticipantTest"/>
  <testcase name="VerifyUnEmployedCheckBox" time="14.407" classname="testScripts.ApplicationParticipantTest"/>
  <testcase name="SaveAddressInformation" time="30.089" classname="testScripts.AddressInformationTest"/>
  <testcase name="SaveQuestionnaire" time="59.808" classname="testScripts.FosterCareTest"/>
  <testcase name="SavePreference" time="40.671" classname="testScripts.PreferenceTest"/>
  <testcase name="DeleteApplicant" time="57.689" classname="testScripts.ReferenceTest"/>
  <testcase name="SaveReference" time="54.192" classname="testScripts.ReferenceTest">
    <failure type="java.lang.AssertionError" message="The following asserts failed:
	Reference Name1 is not Saved expected [true] but found [false],
	Reference Name2 is not Saved expected [true] but found [false],
	Reference Name3 is not Saved expected [true] but found [false],
	Contact 1 is not Saved expected [true] but found [false],
	Contact 2 is not Saved expected [true] but found [false],
	Contact 2 is not Saved expected [true] but found [false]">
      <![CDATA[java.lang.AssertionError: The following asserts failed:
	Reference Name1 is not Saved expected [true] but found [false],
	Reference Name2 is not Saved expected [true] but found [false],
	Reference Name3 is not Saved expected [true] but found [false],
	Contact 1 is not Saved expected [true] but found [false],
	Contact 2 is not Saved expected [true] but found [false],
	Contact 2 is not Saved expected [true] but found [false]
	at testScripts.ReferenceTest.SaveReference(ReferenceTest.java:129)
... Removed 26 stack frames]]>
    </failure>
  </testcase> <!-- SaveReference -->
  <testcase name="DeleteDocument" time="53.17" classname="testScripts.SupportingDocumentTest">
    <failure type="java.lang.AssertionError" message="element not visible
  (Session info: chrome=58.0.3029.110)
  (Driver info: chromedriver=2.29.461591 (62ebf098771772160f391d75e589dc567915b233),platform=Windows NT 6.1.7601 SP1 x86_64) (WARNING: The server did not provide any stacktrace information)
Command duration or timeout: 20 milliseconds
Build info: version: &amp;apos;2.53.1&amp;apos;, revision: &amp;apos;a36b8b1cd5757287168e54b817830adce9b0158d&amp;apos;, time: &amp;apos;2016-06-30 19:26:09&amp;apos;
System info: host: &amp;apos;in-pushyamk-1&amp;apos;, ip: &amp;apos;129.221.62.23&amp;apos;, os.name: &amp;apos;Windows 7&amp;apos;, os.arch: &amp;apos;amd64&amp;apos;, os.version: &amp;apos;6.1&amp;apos;, java.version: &amp;apos;1.8.0_111&amp;apos;
Driver info: org.openqa.selenium.chrome.ChromeDriver
Capabilities [{applicationCacheEnabled=false, rotatable=false, mobileEmulationEnabled=false, networkConnectionEnabled=false, chrome={chromedriverVersion=2.29.461591 (62ebf098771772160f391d75e589dc567915b233), userDataDir=C:\Users\PushyamK\AppData\Local\Temp\scoped_dir28564_1735}, takesHeapSnapshot=true, pageLoadStrategy=normal, databaseEnabled=false, handlesAlerts=true, hasTouchScreen=false, version=58.0.3029.110, platform=XP, browserConnectionEnabled=false, nativeEvents=true, acceptSslCerts=true, locationContextEnabled=true, webStorageEnabled=true, browserName=chrome, takesScreenshot=true, javascriptEnabled=true, cssSelectorsEnabled=true, unexpectedAlertBehaviour=}]
Session ID: f99110a671bf8115010ebea51f0fe331">
      <![CDATA[java.lang.AssertionError: element not visible
  (Session info: chrome=58.0.3029.110)
  (Driver info: chromedriver=2.29.461591 (62ebf098771772160f391d75e589dc567915b233),platform=Windows NT 6.1.7601 SP1 x86_64) (WARNING: The server did not provide any stacktrace information)
Command duration or timeout: 20 milliseconds
Build info: version: '2.53.1', revision: 'a36b8b1cd5757287168e54b817830adce9b0158d', time: '2016-06-30 19:26:09'
System info: host: 'in-pushyamk-1', ip: '129.221.62.23', os.name: 'Windows 7', os.arch: 'amd64', os.version: '6.1', java.version: '1.8.0_111'
Driver info: org.openqa.selenium.chrome.ChromeDriver
Capabilities [{applicationCacheEnabled=false, rotatable=false, mobileEmulationEnabled=false, networkConnectionEnabled=false, chrome={chromedriverVersion=2.29.461591 (62ebf098771772160f391d75e589dc567915b233), userDataDir=C:\Users\PushyamK\AppData\Local\Temp\scoped_dir28564_1735}, takesHeapSnapshot=true, pageLoadStrategy=normal, databaseEnabled=false, handlesAlerts=true, hasTouchScreen=false, version=58.0.3029.110, platform=XP, browserConnectionEnabled=false, nativeEvents=true, acceptSslCerts=true, locationContextEnabled=true, webStorageEnabled=true, browserName=chrome, takesScreenshot=true, javascriptEnabled=true, cssSelectorsEnabled=true, unexpectedAlertBehaviour=}]
Session ID: f99110a671bf8115010ebea51f0fe331
	at testScripts.SupportingDocumentTest.DeleteDocument(SupportingDocumentTest.java:257)
... Removed 26 stack frames]]>
    </failure>
  </testcase> <!-- DeleteDocument -->
  <testcase name="VerifySupportingDocumentIsSaved" time="22.399" classname="testScripts.SupportingDocumentTest">
    <failure type="java.lang.AssertionError" message="no such element: Unable to locate element: {&amp;quot;method&amp;quot;:&amp;quot;id&amp;quot;,&amp;quot;selector&amp;quot;:&amp;quot;applicationType&amp;quot;}
  (Session info: chrome=58.0.3029.110)
  (Driver info: chromedriver=2.29.461591 (62ebf098771772160f391d75e589dc567915b233),platform=Windows NT 6.1.7601 SP1 x86_64) (WARNING: The server did not provide any stacktrace information)
Command duration or timeout: 15.05 seconds
For documentation on this error, please visit: http://seleniumhq.org/exceptions/no_such_element.html
Build info: version: &amp;apos;2.53.1&amp;apos;, revision: &amp;apos;a36b8b1cd5757287168e54b817830adce9b0158d&amp;apos;, time: &amp;apos;2016-06-30 19:26:09&amp;apos;
System info: host: &amp;apos;in-pushyamk-1&amp;apos;, ip: &amp;apos;129.221.62.23&amp;apos;, os.name: &amp;apos;Windows 7&amp;apos;, os.arch: &amp;apos;amd64&amp;apos;, os.version: &amp;apos;6.1&amp;apos;, java.version: &amp;apos;1.8.0_111&amp;apos;
Driver info: org.openqa.selenium.chrome.ChromeDriver
Capabilities [{applicationCacheEnabled=false, rotatable=false, mobileEmulationEnabled=false, networkConnectionEnabled=false, chrome={chromedriverVersion=2.29.461591 (62ebf098771772160f391d75e589dc567915b233), userDataDir=C:\Users\PushyamK\AppData\Local\Temp\scoped_dir19384_14939}, takesHeapSnapshot=true, pageLoadStrategy=normal, databaseEnabled=false, handlesAlerts=true, hasTouchScreen=false, version=58.0.3029.110, platform=XP, browserConnectionEnabled=false, nativeEvents=true, acceptSslCerts=true, locationContextEnabled=true, webStorageEnabled=true, browserName=chrome, takesScreenshot=true, javascriptEnabled=true, cssSelectorsEnabled=true, unexpectedAlertBehaviour=}]
Session ID: 8f58f7b690db1a6326976ec53b622547
*** Element info: {Using=id, value=applicationType}">
      <![CDATA[java.lang.AssertionError: no such element: Unable to locate element: {"method":"id","selector":"applicationType"}
  (Session info: chrome=58.0.3029.110)
  (Driver info: chromedriver=2.29.461591 (62ebf098771772160f391d75e589dc567915b233),platform=Windows NT 6.1.7601 SP1 x86_64) (WARNING: The server did not provide any stacktrace information)
Command duration or timeout: 15.05 seconds
For documentation on this error, please visit: http://seleniumhq.org/exceptions/no_such_element.html
Build info: version: '2.53.1', revision: 'a36b8b1cd5757287168e54b817830adce9b0158d', time: '2016-06-30 19:26:09'
System info: host: 'in-pushyamk-1', ip: '129.221.62.23', os.name: 'Windows 7', os.arch: 'amd64', os.version: '6.1', java.version: '1.8.0_111'
Driver info: org.openqa.selenium.chrome.ChromeDriver
Capabilities [{applicationCacheEnabled=false, rotatable=false, mobileEmulationEnabled=false, networkConnectionEnabled=false, chrome={chromedriverVersion=2.29.461591 (62ebf098771772160f391d75e589dc567915b233), userDataDir=C:\Users\PushyamK\AppData\Local\Temp\scoped_dir19384_14939}, takesHeapSnapshot=true, pageLoadStrategy=normal, databaseEnabled=false, handlesAlerts=true, hasTouchScreen=false, version=58.0.3029.110, platform=XP, browserConnectionEnabled=false, nativeEvents=true, acceptSslCerts=true, locationContextEnabled=true, webStorageEnabled=true, browserName=chrome, takesScreenshot=true, javascriptEnabled=true, cssSelectorsEnabled=true, unexpectedAlertBehaviour=}]
Session ID: 8f58f7b690db1a6326976ec53b622547
*** Element info: {Using=id, value=applicationType}
	at testScripts.SupportingDocumentTest.VerifySupportingDocumentIsSaved(SupportingDocumentTest.java:167)
... Removed 26 stack frames]]>
    </failure>
  </testcase> <!-- VerifySupportingDocumentIsSaved -->
  <testcase name="VerifyApplicationSummary" time="75.319" classname="testScripts.ApplicationSummaryTest"/>
  <testcase name="VerifySubmittedApplication" time="91.994" classname="testScripts.ApplicationSummaryTest"/>
</testsuite> <!-- User Stories -->
