<!DOCTYPE html PUBLIC "-//W3C//DTD XHTML 1.1//EN" "http://www.w3.org/TR/xhtml11/DTD/xhtml11.dtd">
<html xmlns="http://www.w3.org/1999/xhtml"><head><title>TestNG Report</title><style type="text/css">table {margin-bottom:10px;border-collapse:collapse;empty-cells:show}th,td {border:1px solid #009;padding:.25em .5em}th {vertical-align:bottom}td {vertical-align:top}table a {font-weight:bold}.stripe td {background-color: #E6EBF9}.num {text-align:right}.passedodd td {background-color: #3F3}.passedeven td {background-color: #0A0}.skippedodd td {background-color: #DDD}.skippedeven td {background-color: #CCC}.failedodd td,.attn {background-color: #F33}.failedeven td,.stripe .attn {background-color: #D00}.stacktrace {white-space:pre;font-family:monospace}.totop {font-size:85%;text-align:center;border-bottom:2px solid #000}</style></head><body><table><tr><th>Test</th><th># Passed</th><th># Skipped</th><th># Failed</th><th>Time (ms)</th><th>Included Groups</th><th>Excluded Groups</th></tr><tr><th colspan="7">Provider Portal Suite</th></tr><tr><td><a href="#t0">User Stories</a></td><td class="num">10</td><td class="num">0</td><td class="num attn">4</td><td class="num">635,910</td><td></td><td></td></tr></table><table><thead><tr><th>Class</th><th>Method</th><th>Start</th><th>Time (ms)</th></tr></thead><tbody><tr><th colspan="4">Provider Portal Suite</th></tr></tbody><tbody id="t0"><tr><th colspan="4">User Stories &#8212; failed</th></tr><tr class="failedeven"><td rowspan="1">testScripts.ApplicationParticipantTest</td><td><a href="#m0">SaveApplicationType</a></td><td rowspan="1">1495707280527</td><td rowspan="1">35156</td></tr><tr class="failedodd"><td rowspan="1">testScripts.ReferenceTest</td><td><a href="#m1">SaveReference</a></td><td rowspan="1">1495707567841</td><td rowspan="1">54192</td></tr><tr class="failedeven"><td rowspan="2">testScripts.SupportingDocumentTest</td><td><a href="#m2">DeleteDocument</a></td><td rowspan="1">1495707624373</td><td rowspan="1">53170</td></tr><tr class="failedeven"><td><a href="#m3">VerifySupportingDocumentIsSaved</a></td><td rowspan="1">1495707679892</td><td rowspan="1">22399</td></tr><tr><th colspan="4">User Stories &#8212; passed</th></tr><tr class="passedeven"><td rowspan="1">testScripts.AddressInformationTest</td><td><a href="#m4">SaveAddressInformation</a></td><td rowspan="1">1495707362725</td><td rowspan="1">30089</td></tr><tr class="passedodd"><td rowspan="3">testScripts.ApplicationParticipantTest</td><td><a href="#m5">CreatedApplicationInApplicationPage</a></td><td rowspan="1">1495707254650</td><td rowspan="1">24070</td></tr><tr class="passedodd"><td><a href="#m6">VerifyRequiredFieldValidation</a></td><td rowspan="1">1495707317749</td><td rowspan="1">24964</td></tr><tr class="passedodd"><td><a href="#m7">VerifyUnEmployedCheckBox</a></td><td rowspan="1">1495707344561</td><td rowspan="1">14407</td></tr><tr class="passedeven"><td rowspan="2">testScripts.ApplicationSummaryTest</td><td><a href="#m8">VerifyApplicationSummary</a></td><td rowspan="1">1495707704019</td><td rowspan="1">75319</td></tr><tr class="passedeven"><td><a href="#m9">VerifySubmittedApplication</a></td><td rowspan="1">1495707781122</td><td rowspan="1">91994</td></tr><tr class="passedodd"><td rowspan="1">testScripts.ApplicationTypeTest</td><td><a href="#m10">SaveApplicationType</a></td><td rowspan="1">1495707239337</td><td rowspan="1">13427</td></tr><tr class="passedeven"><td rowspan="1">testScripts.FosterCareTest</td><td><a href="#m11">SaveQuestionnaire</a></td><td rowspan="1">1495707394617</td><td rowspan="1">59808</td></tr><tr class="passedodd"><td rowspan="1">testScripts.PreferenceTest</td><td><a href="#m12">SavePreference</a></td><td rowspan="1">1495707456013</td><td rowspan="1">40671</td></tr><tr class="passedeven"><td rowspan="1">testScripts.ReferenceTest</td><td><a href="#m13">DeleteApplicant</a></td><td rowspan="1">1495707508282</td><td rowspan="1">57689</td></tr></tbody></table><h2>User Stories</h2><h3 id="m0">testScripts.ApplicationParticipantTest#SaveApplicationType</h3><table class="result"><tr><th>Exception</th></tr><tr><td><div class="stacktrace">java.lang.AssertionError: The following asserts failed:
	expected [04/05/2017] but found []
	at testScripts.ApplicationParticipantTest.SaveApplicationType(ApplicationParticipantTest.java:139)
... Removed 26 stack frames</div></td></tr></table><p class="totop"><a href="#summary">back to summary</a></p><h3 id="m1">testScripts.ReferenceTest#SaveReference</h3><table class="result"><tr><th>Exception</th></tr><tr><td><div class="stacktrace">java.lang.AssertionError: The following asserts failed:
	Reference Name1 is not Saved expected [true] but found [false],
	Reference Name2 is not Saved expected [true] but found [false],
	Reference Name3 is not Saved expected [true] but found [false],
	Contact 1 is not Saved expected [true] but found [false],
	Contact 2 is not Saved expected [true] but found [false],
	Contact 2 is not Saved expected [true] but found [false]
	at testScripts.ReferenceTest.SaveReference(ReferenceTest.java:129)
... Removed 26 stack frames</div></td></tr></table><p class="totop"><a href="#summary">back to summary</a></p><h3 id="m2">testScripts.SupportingDocumentTest#DeleteDocument</h3><table class="result"><tr><th>Exception</th></tr><tr><td><div class="stacktrace">java.lang.AssertionError: element not visible
  (Session info: chrome=58.0.3029.110)
  (Driver info: chromedriver=2.29.461591 (62ebf098771772160f391d75e589dc567915b233),platform=Windows NT 6.1.7601 SP1 x86_64) (WARNING: The server did not provide any stacktrace information)
Command duration or timeout: 20 milliseconds
Build info: version: &apos;2.53.1&apos;, revision: &apos;a36b8b1cd5757287168e54b817830adce9b0158d&apos;, time: &apos;2016-06-30 19:26:09&apos;
System info: host: &apos;in-pushyamk-1&apos;, ip: &apos;129.221.62.23&apos;, os.name: &apos;Windows 7&apos;, os.arch: &apos;amd64&apos;, os.version: &apos;6.1&apos;, java.version: &apos;1.8.0_111&apos;
Driver info: org.openqa.selenium.chrome.ChromeDriver
Capabilities [{applicationCacheEnabled=false, rotatable=false, mobileEmulationEnabled=false, networkConnectionEnabled=false, chrome={chromedriverVersion=2.29.461591 (62ebf098771772160f391d75e589dc567915b233), userDataDir=C:\Users\PushyamK\AppData\Local\Temp\scoped_dir28564_1735}, takesHeapSnapshot=true, pageLoadStrategy=normal, databaseEnabled=false, handlesAlerts=true, hasTouchScreen=false, version=58.0.3029.110, platform=XP, browserConnectionEnabled=false, nativeEvents=true, acceptSslCerts=true, locationContextEnabled=true, webStorageEnabled=true, browserName=chrome, takesScreenshot=true, javascriptEnabled=true, cssSelectorsEnabled=true, unexpectedAlertBehaviour=}]
Session ID: f99110a671bf8115010ebea51f0fe331
	at testScripts.SupportingDocumentTest.DeleteDocument(SupportingDocumentTest.java:257)
... Removed 26 stack frames</div></td></tr></table><p class="totop"><a href="#summary">back to summary</a></p><h3 id="m3">testScripts.SupportingDocumentTest#VerifySupportingDocumentIsSaved</h3><table class="result"><tr><th>Exception</th></tr><tr><td><div class="stacktrace">java.lang.AssertionError: no such element: Unable to locate element: {&quot;method&quot;:&quot;id&quot;,&quot;selector&quot;:&quot;applicationType&quot;}
  (Session info: chrome=58.0.3029.110)
  (Driver info: chromedriver=2.29.461591 (62ebf098771772160f391d75e589dc567915b233),platform=Windows NT 6.1.7601 SP1 x86_64) (WARNING: The server did not provide any stacktrace information)
Command duration or timeout: 15.05 seconds
For documentation on this error, please visit: http://seleniumhq.org/exceptions/no_such_element.html
Build info: version: &apos;2.53.1&apos;, revision: &apos;a36b8b1cd5757287168e54b817830adce9b0158d&apos;, time: &apos;2016-06-30 19:26:09&apos;
System info: host: &apos;in-pushyamk-1&apos;, ip: &apos;129.221.62.23&apos;, os.name: &apos;Windows 7&apos;, os.arch: &apos;amd64&apos;, os.version: &apos;6.1&apos;, java.version: &apos;1.8.0_111&apos;
Driver info: org.openqa.selenium.chrome.ChromeDriver
Capabilities [{applicationCacheEnabled=false, rotatable=false, mobileEmulationEnabled=false, networkConnectionEnabled=false, chrome={chromedriverVersion=2.29.461591 (62ebf098771772160f391d75e589dc567915b233), userDataDir=C:\Users\PushyamK\AppData\Local\Temp\scoped_dir19384_14939}, takesHeapSnapshot=true, pageLoadStrategy=normal, databaseEnabled=false, handlesAlerts=true, hasTouchScreen=false, version=58.0.3029.110, platform=XP, browserConnectionEnabled=false, nativeEvents=true, acceptSslCerts=true, locationContextEnabled=true, webStorageEnabled=true, browserName=chrome, takesScreenshot=true, javascriptEnabled=true, cssSelectorsEnabled=true, unexpectedAlertBehaviour=}]
Session ID: 8f58f7b690db1a6326976ec53b622547
*** Element info: {Using=id, value=applicationType}
	at testScripts.SupportingDocumentTest.VerifySupportingDocumentIsSaved(SupportingDocumentTest.java:167)
... Removed 26 stack frames</div></td></tr></table><p class="totop"><a href="#summary">back to summary</a></p><h3 id="m4">testScripts.AddressInformationTest#SaveAddressInformation</h3><table class="result"></table><p class="totop"><a href="#summary">back to summary</a></p><h3 id="m5">testScripts.ApplicationParticipantTest#CreatedApplicationInApplicationPage</h3><table class="result"></table><p class="totop"><a href="#summary">back to summary</a></p><h3 id="m6">testScripts.ApplicationParticipantTest#VerifyRequiredFieldValidation</h3><table class="result"></table><p class="totop"><a href="#summary">back to summary</a></p><h3 id="m7">testScripts.ApplicationParticipantTest#VerifyUnEmployedCheckBox</h3><table class="result"></table><p class="totop"><a href="#summary">back to summary</a></p><h3 id="m8">testScripts.ApplicationSummaryTest#VerifyApplicationSummary</h3><table class="result"></table><p class="totop"><a href="#summary">back to summary</a></p><h3 id="m9">testScripts.ApplicationSummaryTest#VerifySubmittedApplication</h3><table class="result"></table><p class="totop"><a href="#summary">back to summary</a></p><h3 id="m10">testScripts.ApplicationTypeTest#SaveApplicationType</h3><table class="result"></table><p class="totop"><a href="#summary">back to summary</a></p><h3 id="m11">testScripts.FosterCareTest#SaveQuestionnaire</h3><table class="result"></table><p class="totop"><a href="#summary">back to summary</a></p><h3 id="m12">testScripts.PreferenceTest#SavePreference</h3><table class="result"></table><p class="totop"><a href="#summary">back to summary</a></p><h3 id="m13">testScripts.ReferenceTest#DeleteApplicant</h3><table class="result"></table><p class="totop"><a href="#summary">back to summary</a></p></body></html>