<!DOCTYPE html PUBLIC "-//W3C//DTD XHTML 1.1//EN" "http://www.w3.org/TR/xhtml11/DTD/xhtml11.dtd">
<html xmlns="http://www.w3.org/1999/xhtml">
<head>
<title>TestNG Report</title>
<style type="text/css">
table {margin-bottom:10px;border-collapse:collapse;empty-cells:show}
td,th {border:1px solid #009;padding:.25em .5em}
.result th {vertical-align:bottom}
.param th {padding-left:1em;padding-right:1em}
.param td {padding-left:.5em;padding-right:2em}
.stripe td,.stripe th {background-color: #E6EBF9}
.numi,.numi_attn {text-align:right}
.total td {font-weight:bold}
.passedodd td {background-color: #0A0}
.passedeven td {background-color: #3F3}
.skippedodd td {background-color: #CCC}
.skippedodd td {background-color: #DDD}
.failedodd td,.numi_attn {background-color: #f49b42}
.failedeven td,.stripe .numi_attn {background-color: #f49b42}
.stacktrace {white-space:pre;font-family:monospace}
.totop {font-size:85%;text-align:center;border-bottom:2px solid #000}
</style>
</head>
<body>
<center><h1>FamilyNow Provider Portal Application - 05/25/2017 15:54:33</h1></center><table cellspacing="0" cellpadding="0" class="testOverview">
<tr><th>Test</th><th>Methods<br/>Passed</th><th># skipped</th><th># failed</th><th>Browser</th><th>Start<br/>Time</th><th>End<br/>Time</th><th>Total<br/>Time(hh:mm:ss)</th><th>Included<br/>Groups</th><th>Excluded<br/>Groups</th></tr>
<tr><th colspan="10">Provider Portal Suite</th></tr>
<tr><td style="text-align:left;padding-right:2em"><a href="#t"1"><b>User Stories</b></a></td><td class="numi">10</td><td class="numi">0</td><td class="numi_attn">4</td><td class="numi">null</td></td>
<td class="numi">03:43:57</td></td>
<td class="numi">03:54:33</td></td>
<td class="numi">00:10:35</td><td class="numi"></td><td class="numi"></td></tr>
</table>
<table cellspacing="0" cellpadding="0" class="methodOverview" id="summary">
<tr><th>Class</th><th>Method</th><th>Exception Info</th><th>Start Time </th><th>Execution Time<br/>(hh:mm:ss)</th></tr>
<tr><th colspan="5">Provider Portal Suite</th></tr>
<tr id="t1"><th colspan="5">User Stories &#8212; failed</th></tr>
<tr class="failedodd"><td>testScripts.ApplicationParticipantTest</td><td><a href="#m"1><b>SaveApplicationType</b>  )</a></td><td class="numi" style="text-align:left;padding-right:2em">java.lang.AssertionError: The following asserts failed:<br/></td><td style="text-align:right">03:44:40</td><td class="numi">00:00:35</td></tr>
<tr class="failedeven"><td>testScripts.ReferenceTest</td><td><a href="#m"2><b>SaveReference</b>  )</a></td><td class="numi" style="text-align:left;padding-right:2em">java.lang.AssertionError: The following asserts failed:<br/></td><td style="text-align:right">03:49:27</td><td class="numi">00:00:55</td></tr>
<tr class="failedodd"><td rowspan="2">testScripts.SupportingDocumentTest</td><td><a href="#m"3><b>DeleteDocument</b>  )</a></td><td class="numi" style="text-align:left;padding-right:2em">java.lang.AssertionError: element not visible<br/></td><td style="text-align:right">03:50:24</td><td class="numi">00:00:53</td></tr><tr class="failedodd"><td><a href="#m"4><b>VerifySupportingDocumentIsSaved</b>  )</a></td><td class="numi" style="text-align:left;padding-right:2em">java.lang.AssertionError: no such element: Unable to locate element: {&quot;method&quot;:&quot;id&quot;,&quot;selector&quot;:&quot;applicationType&quot;}<br/></td><td style="text-align:right">03:51:19</td><td class="numi">00:00:23</td></tr>
<tr><th colspan="5">User Stories &#8212; passed</th></tr>
<tr class="passedodd"><td>testScripts.AddressInformationTest</td><td><a href="#m"5><b>SaveAddressInformation</b>  )</a></td><td class="numi" style="text-align:left;padding-right:2em"><br/></td><td style="text-align:right">03:46:02</td><td class="numi">00:00:30</td></tr>
<tr class="passedeven"><td rowspan="3">testScripts.ApplicationParticipantTest</td><td><a href="#m"6><b>CreatedApplicationInApplicationPage</b>  )</a></td><td class="numi" style="text-align:left;padding-right:2em"><br/></td><td style="text-align:right">03:44:14</td><td class="numi">00:00:24</td></tr><tr class="passedeven"><td><a href="#m"7><b>VerifyRequiredFieldValidation</b>  )</a></td><td class="numi" style="text-align:left;padding-right:2em"><br/></td><td style="text-align:right">03:45:17</td><td class="numi">00:00:25</td></tr><tr class="passedeven"><td><a href="#m"8><b>VerifyUnEmployedCheckBox</b>  )</a></td><td class="numi" style="text-align:left;padding-right:2em"><br/></td><td style="text-align:right">03:45:44</td><td class="numi">00:00:14</td></tr>
<tr class="passedodd"><td rowspan="2">testScripts.ApplicationSummaryTest</td><td><a href="#m"9><b>VerifyApplicationSummary</b>  )</a></td><td class="numi" style="text-align:left;padding-right:2em"><br/></td><td style="text-align:right">03:51:44</td><td class="numi">00:01:15</td></tr><tr class="passedodd"><td><a href="#m"10><b>VerifySubmittedApplication</b>  )</a></td><td class="numi" style="text-align:left;padding-right:2em"><br/></td><td style="text-align:right">03:53:01</td><td class="numi">00:01:32</td></tr>
<tr class="passedeven"><td>testScripts.ApplicationTypeTest</td><td><a href="#m"11><b>SaveApplicationType</b>  )</a></td><td class="numi" style="text-align:left;padding-right:2em"><br/></td><td style="text-align:right">03:43:59</td><td class="numi">00:00:13</td></tr>
<tr class="passedodd"><td>testScripts.FosterCareTest</td><td><a href="#m"12><b>SaveQuestionnaire</b>  )</a></td><td class="numi" style="text-align:left;padding-right:2em"><br/></td><td style="text-align:right">03:46:34</td><td class="numi">00:01:00</td></tr>
<tr class="passedeven"><td>testScripts.PreferenceTest</td><td><a href="#m"13><b>SavePreference</b>  )</a></td><td class="numi" style="text-align:left;padding-right:2em"><br/></td><td style="text-align:right">03:47:36</td><td class="numi">00:00:40</td></tr>
<tr class="passedodd"><td>testScripts.ReferenceTest</td><td><a href="#m"14><b>DeleteApplicant</b>  )</a></td><td class="numi" style="text-align:left;padding-right:2em"><br/></td><td style="text-align:right">03:48:28</td><td class="numi">00:00:57</td></tr>
</table>
<h1>User Stories</h1>
<h2 id="m"1">testScripts.ApplicationParticipantTest:SaveApplicationType</h2>
<div>
<div class="stacktrace">java.lang.AssertionError: The following asserts failed:
	expected [04/05/2017] but found []
	at testScripts.ApplicationParticipantTest.SaveApplicationType(ApplicationParticipantTest.java:139)
... Removed 26 stack frames</div>
</div>
<p class="totop"><a href="#summary">back to summary</a></p>
<h2 id="m"2">testScripts.ReferenceTest:SaveReference</h2>
<div>
<div class="stacktrace">java.lang.AssertionError: The following asserts failed:
	Reference Name1 is not Saved expected [true] but found [false],
	Reference Name2 is not Saved expected [true] but found [false],
	Reference Name3 is not Saved expected [true] but found [false],
	Contact 1 is not Saved expected [true] but found [false],
	Contact 2 is not Saved expected [true] but found [false],
	Contact 2 is not Saved expected [true] but found [false]
	at testScripts.ReferenceTest.SaveReference(ReferenceTest.java:129)
... Removed 26 stack frames</div>
</div>
<p class="totop"><a href="#summary">back to summary</a></p>
<h2 id="m"3">testScripts.SupportingDocumentTest:DeleteDocument</h2>
<div>
<div class="stacktrace">java.lang.AssertionError: element not visible
  (Session info: chrome=58.0.3029.110)
  (Driver info: chromedriver=2.29.461591 (62ebf098771772160f391d75e589dc567915b233),platform=Windows NT 6.1.7601 SP1 x86_64) (WARNING: The server did not provide any stacktrace information)
Command duration or timeout: 20 milliseconds
Build info: version: &apos;2.53.1&apos;, revision: &apos;a36b8b1cd5757287168e54b817830adce9b0158d&apos;, time: &apos;2016-06-30 19:26:09&apos;
System info: host: &apos;in-pushyamk-1&apos;, ip: &apos;129.221.62.23&apos;, os.name: &apos;Windows 7&apos;, os.arch: &apos;amd64&apos;, os.version: &apos;6.1&apos;, java.version: &apos;1.8.0_111&apos;
Driver info: org.openqa.selenium.chrome.ChromeDriver
Capabilities [{applicationCacheEnabled=false, rotatable=false, mobileEmulationEnabled=false, networkConnectionEnabled=false, chrome={chromedriverVersion=2.29.461591 (62ebf098771772160f391d75e589dc567915b233), userDataDir=C:\Users\PushyamK\AppData\Local\Temp\scoped_dir28564_1735}, takesHeapSnapshot=true, pageLoadStrategy=normal, databaseEnabled=false, handlesAlerts=true, hasTouchScreen=false, version=58.0.3029.110, platform=XP, browserConnectionEnabled=false, nativeEvents=true, acceptSslCerts=true, locationContextEnabled=true, webStorageEnabled=true, browserName=chrome, takesScreenshot=true, javascriptEnabled=true, cssSelectorsEnabled=true, unexpectedAlertBehaviour=}]
Session ID: f99110a671bf8115010ebea51f0fe331
	at testScripts.SupportingDocumentTest.DeleteDocument(SupportingDocumentTest.java:257)
... Removed 26 stack frames</div>
</div>
<p class="totop"><a href="#summary">back to summary</a></p>
<h2 id="m"4">testScripts.SupportingDocumentTest:VerifySupportingDocumentIsSaved</h2>
<div>
<div class="stacktrace">java.lang.AssertionError: no such element: Unable to locate element: {&quot;method&quot;:&quot;id&quot;,&quot;selector&quot;:&quot;applicationType&quot;}
  (Session info: chrome=58.0.3029.110)
  (Driver info: chromedriver=2.29.461591 (62ebf098771772160f391d75e589dc567915b233),platform=Windows NT 6.1.7601 SP1 x86_64) (WARNING: The server did not provide any stacktrace information)
Command duration or timeout: 15.05 seconds
For documentation on this error, please visit: http://seleniumhq.org/exceptions/no_such_element.html
Build info: version: &apos;2.53.1&apos;, revision: &apos;a36b8b1cd5757287168e54b817830adce9b0158d&apos;, time: &apos;2016-06-30 19:26:09&apos;
System info: host: &apos;in-pushyamk-1&apos;, ip: &apos;129.221.62.23&apos;, os.name: &apos;Windows 7&apos;, os.arch: &apos;amd64&apos;, os.version: &apos;6.1&apos;, java.version: &apos;1.8.0_111&apos;
Driver info: org.openqa.selenium.chrome.ChromeDriver
Capabilities [{applicationCacheEnabled=false, rotatable=false, mobileEmulationEnabled=false, networkConnectionEnabled=false, chrome={chromedriverVersion=2.29.461591 (62ebf098771772160f391d75e589dc567915b233), userDataDir=C:\Users\PushyamK\AppData\Local\Temp\scoped_dir19384_14939}, takesHeapSnapshot=true, pageLoadStrategy=normal, databaseEnabled=false, handlesAlerts=true, hasTouchScreen=false, version=58.0.3029.110, platform=XP, browserConnectionEnabled=false, nativeEvents=true, acceptSslCerts=true, locationContextEnabled=true, webStorageEnabled=true, browserName=chrome, takesScreenshot=true, javascriptEnabled=true, cssSelectorsEnabled=true, unexpectedAlertBehaviour=}]
Session ID: 8f58f7b690db1a6326976ec53b622547
*** Element info: {Using=id, value=applicationType}
	at testScripts.SupportingDocumentTest.VerifySupportingDocumentIsSaved(SupportingDocumentTest.java:167)
... Removed 26 stack frames</div>
</div>
<p class="totop"><a href="#summary">back to summary</a></p>
<h2 id="m"5">testScripts.AddressInformationTest:SaveAddressInformation</h2>
<p class="totop"><a href="#summary">back to summary</a></p>
<h2 id="m"6">testScripts.ApplicationParticipantTest:CreatedApplicationInApplicationPage</h2>
<p class="totop"><a href="#summary">back to summary</a></p>
<h2 id="m"7">testScripts.ApplicationParticipantTest:VerifyRequiredFieldValidation</h2>
<p class="totop"><a href="#summary">back to summary</a></p>
<h2 id="m"8">testScripts.ApplicationParticipantTest:VerifyUnEmployedCheckBox</h2>
<p class="totop"><a href="#summary">back to summary</a></p>
<h2 id="m"9">testScripts.ApplicationSummaryTest:VerifyApplicationSummary</h2>
<p class="totop"><a href="#summary">back to summary</a></p>
<h2 id="m"10">testScripts.ApplicationSummaryTest:VerifySubmittedApplication</h2>
<p class="totop"><a href="#summary">back to summary</a></p>
<h2 id="m"11">testScripts.ApplicationTypeTest:SaveApplicationType</h2>
<p class="totop"><a href="#summary">back to summary</a></p>
<h2 id="m"12">testScripts.FosterCareTest:SaveQuestionnaire</h2>
<p class="totop"><a href="#summary">back to summary</a></p>
<h2 id="m"13">testScripts.PreferenceTest:SavePreference</h2>
<p class="totop"><a href="#summary">back to summary</a></p>
<h2 id="m"14">testScripts.ReferenceTest:DeleteApplicant</h2>
<p class="totop"><a href="#summary">back to summary</a></p>
<center> TestNG Report </center>
</body></html>
