<?xml version="1.0" encoding="UTF-8"?>
<testng-results skipped="0" failed="4" total="14" passed="10">
  <reporter-output>
  </reporter-output>
  <suite name="Provider Portal Suite" duration-ms="635910" started-at="2017-05-25T10:13:57Z" finished-at="2017-05-25T10:24:33Z">
    <groups>
    </groups>
    <test name="User Stories" duration-ms="635910" started-at="2017-05-25T10:13:57Z" finished-at="2017-05-25T10:24:33Z">
      <class name="testScripts.ApplicationParticipantTest">
        <test-method status="PASS" signature="openbrowser()[pri:0, instance:testScripts.ApplicationParticipantTest@239963d8]" name="openbrowser" is-config="true" duration-ms="1694" started-at="2017-05-25T15:44:12Z" finished-at="2017-05-25T15:44:14Z">
          <reporter-output>
          </reporter-output>
        </test-method> <!-- openbrowser -->
        <test-method status="PASS" signature="CreatedApplicationInApplicationPage()[pri:0, instance:testScripts.ApplicationParticipantTest@239963d8]" name="CreatedApplicationInApplicationPage" duration-ms="24070" started-at="2017-05-25T15:44:14Z" finished-at="2017-05-25T15:44:38Z">
          <reporter-output>
          </reporter-output>
        </test-method> <!-- CreatedApplicationInApplicationPage -->
        <test-method status="PASS" signature="closebrowser()[pri:0, instance:testScripts.ApplicationParticipantTest@239963d8]" name="closebrowser" is-config="true" duration-ms="145" started-at="2017-05-25T15:44:38Z" finished-at="2017-05-25T15:44:38Z">
          <reporter-output>
          </reporter-output>
        </test-method> <!-- closebrowser -->
        <test-method status="PASS" signature="openbrowser()[pri:0, instance:testScripts.ApplicationParticipantTest@239963d8]" name="openbrowser" is-config="true" duration-ms="1659" started-at="2017-05-25T15:44:38Z" finished-at="2017-05-25T15:44:40Z">
          <reporter-output>
          </reporter-output>
        </test-method> <!-- openbrowser -->
        <test-method status="FAIL" signature="SaveApplicationType()[pri:0, instance:testScripts.ApplicationParticipantTest@239963d8]" name="SaveApplicationType" duration-ms="35156" started-at="2017-05-25T15:44:40Z" finished-at="2017-05-25T15:45:15Z">
          <exception class="java.lang.AssertionError">
            <message>
              <![CDATA[The following asserts failed:
	expected [04/05/2017] but found []]]>
            </message>
            <full-stacktrace>
              <![CDATA[java.lang.AssertionError: The following asserts failed:
	expected [04/05/2017] but found []
	at org.testng.asserts.SoftAssert.assertAll(SoftAssert.java:43)
	at testScripts.ApplicationParticipantTest.SaveApplicationType(ApplicationParticipantTest.java:139)
	at sun.reflect.NativeMethodAccessorImpl.invoke0(Native Method)
	at sun.reflect.NativeMethodAccessorImpl.invoke(Unknown Source)
	at sun.reflect.DelegatingMethodAccessorImpl.invoke(Unknown Source)
	at java.lang.reflect.Method.invoke(Unknown Source)
	at org.testng.internal.MethodInvocationHelper.invokeMethod(MethodInvocationHelper.java:100)
	at org.testng.internal.Invoker.invokeMethod(Invoker.java:646)
	at org.testng.internal.Invoker.invokeTestMethod(Invoker.java:811)
	at org.testng.internal.Invoker.invokeTestMethods(Invoker.java:1137)
	at org.testng.internal.TestMethodWorker.invokeTestMethods(TestMethodWorker.java:129)
	at org.testng.internal.TestMethodWorker.run(TestMethodWorker.java:112)
	at org.testng.TestRunner.privateRun(TestRunner.java:753)
	at org.testng.TestRunner.run(TestRunner.java:607)
	at org.testng.SuiteRunner.runTest(SuiteRunner.java:368)
	at org.testng.SuiteRunner.runSequentially(SuiteRunner.java:363)
	at org.testng.SuiteRunner.privateRun(SuiteRunner.java:321)
	at org.testng.SuiteRunner.run(SuiteRunner.java:270)
	at org.testng.SuiteRunnerWorker.runSuite(SuiteRunnerWorker.java:52)
	at org.testng.SuiteRunnerWorker.run(SuiteRunnerWorker.java:86)
	at org.testng.TestNG.runSuitesSequentially(TestNG.java:1284)
	at org.testng.TestNG.runSuitesLocally(TestNG.java:1209)
	at org.testng.TestNG.runSuites(TestNG.java:1124)
	at org.testng.TestNG.run(TestNG.java:1096)
	at org.testng.remote.AbstractRemoteTestNG.run(AbstractRemoteTestNG.java:132)
	at org.testng.remote.RemoteTestNG.initAndRun(RemoteTestNG.java:236)
	at org.testng.remote.RemoteTestNG.main(RemoteTestNG.java:81)
]]>
            </full-stacktrace>
          </exception> <!-- java.lang.AssertionError -->
          <reporter-output>
          </reporter-output>
        </test-method> <!-- SaveApplicationType -->
        <test-method status="PASS" signature="closebrowser()[pri:0, instance:testScripts.ApplicationParticipantTest@239963d8]" name="closebrowser" is-config="true" duration-ms="194" started-at="2017-05-25T15:45:15Z" finished-at="2017-05-25T15:45:16Z">
          <reporter-output>
          </reporter-output>
        </test-method> <!-- closebrowser -->
        <test-method status="PASS" signature="openbrowser()[pri:0, instance:testScripts.ApplicationParticipantTest@239963d8]" name="openbrowser" is-config="true" duration-ms="1573" started-at="2017-05-25T15:45:16Z" finished-at="2017-05-25T15:45:17Z">
          <reporter-output>
          </reporter-output>
        </test-method> <!-- openbrowser -->
        <test-method status="PASS" signature="VerifyRequiredFieldValidation()[pri:0, instance:testScripts.ApplicationParticipantTest@239963d8]" name="VerifyRequiredFieldValidation" duration-ms="24964" started-at="2017-05-25T15:45:17Z" finished-at="2017-05-25T15:45:42Z">
          <reporter-output>
          </reporter-output>
        </test-method> <!-- VerifyRequiredFieldValidation -->
        <test-method status="PASS" signature="closebrowser()[pri:0, instance:testScripts.ApplicationParticipantTest@239963d8]" name="closebrowser" is-config="true" duration-ms="141" started-at="2017-05-25T15:45:42Z" finished-at="2017-05-25T15:45:42Z">
          <reporter-output>
          </reporter-output>
        </test-method> <!-- closebrowser -->
        <test-method status="PASS" signature="openbrowser()[pri:0, instance:testScripts.ApplicationParticipantTest@239963d8]" name="openbrowser" is-config="true" duration-ms="1704" started-at="2017-05-25T15:45:42Z" finished-at="2017-05-25T15:45:44Z">
          <reporter-output>
          </reporter-output>
        </test-method> <!-- openbrowser -->
        <test-method status="PASS" signature="VerifyUnEmployedCheckBox()[pri:0, instance:testScripts.ApplicationParticipantTest@239963d8]" name="VerifyUnEmployedCheckBox" duration-ms="14407" started-at="2017-05-25T15:45:44Z" finished-at="2017-05-25T15:45:58Z">
          <reporter-output>
          </reporter-output>
        </test-method> <!-- VerifyUnEmployedCheckBox -->
        <test-method status="PASS" signature="closebrowser()[pri:0, instance:testScripts.ApplicationParticipantTest@239963d8]" name="closebrowser" is-config="true" duration-ms="2075" started-at="2017-05-25T15:45:58Z" finished-at="2017-05-25T15:46:01Z">
          <reporter-output>
          </reporter-output>
        </test-method> <!-- closebrowser -->
      </class> <!-- testScripts.ApplicationParticipantTest -->
      <class name="testScripts.PreferenceTest">
        <test-method status="PASS" signature="openbrowser()[pri:0, instance:testScripts.PreferenceTest@31ef45e3]" name="openbrowser" is-config="true" duration-ms="1409" started-at="2017-05-25T15:47:34Z" finished-at="2017-05-25T15:47:36Z">
          <reporter-output>
          </reporter-output>
        </test-method> <!-- openbrowser -->
        <test-method status="PASS" signature="SavePreference()[pri:0, instance:testScripts.PreferenceTest@31ef45e3]" name="SavePreference" duration-ms="40671" started-at="2017-05-25T15:47:36Z" finished-at="2017-05-25T15:48:16Z">
          <reporter-output>
          </reporter-output>
        </test-method> <!-- SavePreference -->
        <test-method status="PASS" signature="closebrowser()[pri:0, instance:testScripts.PreferenceTest@31ef45e3]" name="closebrowser" is-config="true" duration-ms="131" started-at="2017-05-25T15:48:16Z" finished-at="2017-05-25T15:48:16Z">
          <reporter-output>
          </reporter-output>
        </test-method> <!-- closebrowser -->
      </class> <!-- testScripts.PreferenceTest -->
      <class name="testScripts.ApplicationTypeTest">
        <test-method status="PASS" signature="openbrowser()[pri:0, instance:testScripts.ApplicationTypeTest@13deb50e]" name="openbrowser" is-config="true" duration-ms="1971" started-at="2017-05-25T15:43:57Z" finished-at="2017-05-25T15:43:59Z">
          <reporter-output>
          </reporter-output>
        </test-method> <!-- openbrowser -->
        <test-method status="PASS" signature="SaveApplicationType()[pri:0, instance:testScripts.ApplicationTypeTest@13deb50e]" name="SaveApplicationType" duration-ms="13427" started-at="2017-05-25T15:43:59Z" finished-at="2017-05-25T15:44:12Z">
          <reporter-output>
          </reporter-output>
        </test-method> <!-- SaveApplicationType -->
        <test-method status="PASS" signature="closebrowser()[pri:0, instance:testScripts.ApplicationTypeTest@13deb50e]" name="closebrowser" is-config="true" duration-ms="184" started-at="2017-05-25T15:44:12Z" finished-at="2017-05-25T15:44:12Z">
          <reporter-output>
          </reporter-output>
        </test-method> <!-- closebrowser -->
      </class> <!-- testScripts.ApplicationTypeTest -->
      <class name="testScripts.SupportingDocumentTest">
        <test-method status="PASS" signature="openbrowser()[pri:0, instance:testScripts.SupportingDocumentTest@3c0ecd4b]" name="openbrowser" is-config="true" duration-ms="1828" started-at="2017-05-25T15:50:22Z" finished-at="2017-05-25T15:50:24Z">
          <reporter-output>
          </reporter-output>
        </test-method> <!-- openbrowser -->
        <test-method status="FAIL" signature="DeleteDocument()[pri:0, instance:testScripts.SupportingDocumentTest@3c0ecd4b]" name="DeleteDocument" duration-ms="53170" started-at="2017-05-25T15:50:24Z" finished-at="2017-05-25T15:51:17Z">
          <exception class="java.lang.AssertionError">
            <message>
              <![CDATA[element not visible
  (Session info: chrome=58.0.3029.110)
  (Driver info: chromedriver=2.29.461591 (62ebf098771772160f391d75e589dc567915b233),platform=Windows NT 6.1.7601 SP1 x86_64) (WARNING: The server did not provide any stacktrace information)
Command duration or timeout: 20 milliseconds
Build info: version: '2.53.1', revision: 'a36b8b1cd5757287168e54b817830adce9b0158d', time: '2016-06-30 19:26:09'
System info: host: 'in-pushyamk-1', ip: '129.221.62.23', os.name: 'Windows 7', os.arch: 'amd64', os.version: '6.1', java.version: '1.8.0_111'
Driver info: org.openqa.selenium.chrome.ChromeDriver
Capabilities [{applicationCacheEnabled=false, rotatable=false, mobileEmulationEnabled=false, networkConnectionEnabled=false, chrome={chromedriverVersion=2.29.461591 (62ebf098771772160f391d75e589dc567915b233), userDataDir=C:\Users\PushyamK\AppData\Local\Temp\scoped_dir28564_1735}, takesHeapSnapshot=true, pageLoadStrategy=normal, databaseEnabled=false, handlesAlerts=true, hasTouchScreen=false, version=58.0.3029.110, platform=XP, browserConnectionEnabled=false, nativeEvents=true, acceptSslCerts=true, locationContextEnabled=true, webStorageEnabled=true, browserName=chrome, takesScreenshot=true, javascriptEnabled=true, cssSelectorsEnabled=true, unexpectedAlertBehaviour=}]
Session ID: f99110a671bf8115010ebea51f0fe331]]>
            </message>
            <full-stacktrace>
              <![CDATA[java.lang.AssertionError: element not visible
  (Session info: chrome=58.0.3029.110)
  (Driver info: chromedriver=2.29.461591 (62ebf098771772160f391d75e589dc567915b233),platform=Windows NT 6.1.7601 SP1 x86_64) (WARNING: The server did not provide any stacktrace information)
Command duration or timeout: 20 milliseconds
Build info: version: '2.53.1', revision: 'a36b8b1cd5757287168e54b817830adce9b0158d', time: '2016-06-30 19:26:09'
System info: host: 'in-pushyamk-1', ip: '129.221.62.23', os.name: 'Windows 7', os.arch: 'amd64', os.version: '6.1', java.version: '1.8.0_111'
Driver info: org.openqa.selenium.chrome.ChromeDriver
Capabilities [{applicationCacheEnabled=false, rotatable=false, mobileEmulationEnabled=false, networkConnectionEnabled=false, chrome={chromedriverVersion=2.29.461591 (62ebf098771772160f391d75e589dc567915b233), userDataDir=C:\Users\PushyamK\AppData\Local\Temp\scoped_dir28564_1735}, takesHeapSnapshot=true, pageLoadStrategy=normal, databaseEnabled=false, handlesAlerts=true, hasTouchScreen=false, version=58.0.3029.110, platform=XP, browserConnectionEnabled=false, nativeEvents=true, acceptSslCerts=true, locationContextEnabled=true, webStorageEnabled=true, browserName=chrome, takesScreenshot=true, javascriptEnabled=true, cssSelectorsEnabled=true, unexpectedAlertBehaviour=}]
Session ID: f99110a671bf8115010ebea51f0fe331
	at org.testng.Assert.fail(Assert.java:94)
	at testScripts.SupportingDocumentTest.DeleteDocument(SupportingDocumentTest.java:257)
	at sun.reflect.NativeMethodAccessorImpl.invoke0(Native Method)
	at sun.reflect.NativeMethodAccessorImpl.invoke(Unknown Source)
	at sun.reflect.DelegatingMethodAccessorImpl.invoke(Unknown Source)
	at java.lang.reflect.Method.invoke(Unknown Source)
	at org.testng.internal.MethodInvocationHelper.invokeMethod(MethodInvocationHelper.java:100)
	at org.testng.internal.Invoker.invokeMethod(Invoker.java:646)
	at org.testng.internal.Invoker.invokeTestMethod(Invoker.java:811)
	at org.testng.internal.Invoker.invokeTestMethods(Invoker.java:1137)
	at org.testng.internal.TestMethodWorker.invokeTestMethods(TestMethodWorker.java:129)
	at org.testng.internal.TestMethodWorker.run(TestMethodWorker.java:112)
	at org.testng.TestRunner.privateRun(TestRunner.java:753)
	at org.testng.TestRunner.run(TestRunner.java:607)
	at org.testng.SuiteRunner.runTest(SuiteRunner.java:368)
	at org.testng.SuiteRunner.runSequentially(SuiteRunner.java:363)
	at org.testng.SuiteRunner.privateRun(SuiteRunner.java:321)
	at org.testng.SuiteRunner.run(SuiteRunner.java:270)
	at org.testng.SuiteRunnerWorker.runSuite(SuiteRunnerWorker.java:52)
	at org.testng.SuiteRunnerWorker.run(SuiteRunnerWorker.java:86)
	at org.testng.TestNG.runSuitesSequentially(TestNG.java:1284)
	at org.testng.TestNG.runSuitesLocally(TestNG.java:1209)
	at org.testng.TestNG.runSuites(TestNG.java:1124)
	at org.testng.TestNG.run(TestNG.java:1096)
	at org.testng.remote.AbstractRemoteTestNG.run(AbstractRemoteTestNG.java:132)
	at org.testng.remote.RemoteTestNG.initAndRun(RemoteTestNG.java:236)
	at org.testng.remote.RemoteTestNG.main(RemoteTestNG.java:81)
]]>
            </full-stacktrace>
          </exception> <!-- java.lang.AssertionError -->
          <reporter-output>
          </reporter-output>
        </test-method> <!-- DeleteDocument -->
        <test-method status="PASS" signature="closebrowser()[pri:0, instance:testScripts.SupportingDocumentTest@3c0ecd4b]" name="closebrowser" is-config="true" duration-ms="171" started-at="2017-05-25T15:51:18Z" finished-at="2017-05-25T15:51:18Z">
          <reporter-output>
          </reporter-output>
        </test-method> <!-- closebrowser -->
        <test-method status="PASS" signature="openbrowser()[pri:0, instance:testScripts.SupportingDocumentTest@3c0ecd4b]" name="openbrowser" is-config="true" duration-ms="1547" started-at="2017-05-25T15:51:18Z" finished-at="2017-05-25T15:51:19Z">
          <reporter-output>
          </reporter-output>
        </test-method> <!-- openbrowser -->
        <test-method status="FAIL" signature="VerifySupportingDocumentIsSaved()[pri:0, instance:testScripts.SupportingDocumentTest@3c0ecd4b]" name="VerifySupportingDocumentIsSaved" duration-ms="22399" started-at="2017-05-25T15:51:19Z" finished-at="2017-05-25T15:51:42Z">
          <exception class="java.lang.AssertionError">
            <message>
              <![CDATA[no such element: Unable to locate element: {"method":"id","selector":"applicationType"}
  (Session info: chrome=58.0.3029.110)
  (Driver info: chromedriver=2.29.461591 (62ebf098771772160f391d75e589dc567915b233),platform=Windows NT 6.1.7601 SP1 x86_64) (WARNING: The server did not provide any stacktrace information)
Command duration or timeout: 15.05 seconds
For documentation on this error, please visit: http://seleniumhq.org/exceptions/no_such_element.html
Build info: version: '2.53.1', revision: 'a36b8b1cd5757287168e54b817830adce9b0158d', time: '2016-06-30 19:26:09'
System info: host: 'in-pushyamk-1', ip: '129.221.62.23', os.name: 'Windows 7', os.arch: 'amd64', os.version: '6.1', java.version: '1.8.0_111'
Driver info: org.openqa.selenium.chrome.ChromeDriver
Capabilities [{applicationCacheEnabled=false, rotatable=false, mobileEmulationEnabled=false, networkConnectionEnabled=false, chrome={chromedriverVersion=2.29.461591 (62ebf098771772160f391d75e589dc567915b233), userDataDir=C:\Users\PushyamK\AppData\Local\Temp\scoped_dir19384_14939}, takesHeapSnapshot=true, pageLoadStrategy=normal, databaseEnabled=false, handlesAlerts=true, hasTouchScreen=false, version=58.0.3029.110, platform=XP, browserConnectionEnabled=false, nativeEvents=true, acceptSslCerts=true, locationContextEnabled=true, webStorageEnabled=true, browserName=chrome, takesScreenshot=true, javascriptEnabled=true, cssSelectorsEnabled=true, unexpectedAlertBehaviour=}]
Session ID: 8f58f7b690db1a6326976ec53b622547
*** Element info: {Using=id, value=applicationType}]]>
            </message>
            <full-stacktrace>
              <![CDATA[java.lang.AssertionError: no such element: Unable to locate element: {"method":"id","selector":"applicationType"}
  (Session info: chrome=58.0.3029.110)
  (Driver info: chromedriver=2.29.461591 (62ebf098771772160f391d75e589dc567915b233),platform=Windows NT 6.1.7601 SP1 x86_64) (WARNING: The server did not provide any stacktrace information)
Command duration or timeout: 15.05 seconds
For documentation on this error, please visit: http://seleniumhq.org/exceptions/no_such_element.html
Build info: version: '2.53.1', revision: 'a36b8b1cd5757287168e54b817830adce9b0158d', time: '2016-06-30 19:26:09'
System info: host: 'in-pushyamk-1', ip: '129.221.62.23', os.name: 'Windows 7', os.arch: 'amd64', os.version: '6.1', java.version: '1.8.0_111'
Driver info: org.openqa.selenium.chrome.ChromeDriver
Capabilities [{applicationCacheEnabled=false, rotatable=false, mobileEmulationEnabled=false, networkConnectionEnabled=false, chrome={chromedriverVersion=2.29.461591 (62ebf098771772160f391d75e589dc567915b233), userDataDir=C:\Users\PushyamK\AppData\Local\Temp\scoped_dir19384_14939}, takesHeapSnapshot=true, pageLoadStrategy=normal, databaseEnabled=false, handlesAlerts=true, hasTouchScreen=false, version=58.0.3029.110, platform=XP, browserConnectionEnabled=false, nativeEvents=true, acceptSslCerts=true, locationContextEnabled=true, webStorageEnabled=true, browserName=chrome, takesScreenshot=true, javascriptEnabled=true, cssSelectorsEnabled=true, unexpectedAlertBehaviour=}]
Session ID: 8f58f7b690db1a6326976ec53b622547
*** Element info: {Using=id, value=applicationType}
	at org.testng.Assert.fail(Assert.java:94)
	at testScripts.SupportingDocumentTest.VerifySupportingDocumentIsSaved(SupportingDocumentTest.java:167)
	at sun.reflect.NativeMethodAccessorImpl.invoke0(Native Method)
	at sun.reflect.NativeMethodAccessorImpl.invoke(Unknown Source)
	at sun.reflect.DelegatingMethodAccessorImpl.invoke(Unknown Source)
	at java.lang.reflect.Method.invoke(Unknown Source)
	at org.testng.internal.MethodInvocationHelper.invokeMethod(MethodInvocationHelper.java:100)
	at org.testng.internal.Invoker.invokeMethod(Invoker.java:646)
	at org.testng.internal.Invoker.invokeTestMethod(Invoker.java:811)
	at org.testng.internal.Invoker.invokeTestMethods(Invoker.java:1137)
	at org.testng.internal.TestMethodWorker.invokeTestMethods(TestMethodWorker.java:129)
	at org.testng.internal.TestMethodWorker.run(TestMethodWorker.java:112)
	at org.testng.TestRunner.privateRun(TestRunner.java:753)
	at org.testng.TestRunner.run(TestRunner.java:607)
	at org.testng.SuiteRunner.runTest(SuiteRunner.java:368)
	at org.testng.SuiteRunner.runSequentially(SuiteRunner.java:363)
	at org.testng.SuiteRunner.privateRun(SuiteRunner.java:321)
	at org.testng.SuiteRunner.run(SuiteRunner.java:270)
	at org.testng.SuiteRunnerWorker.runSuite(SuiteRunnerWorker.java:52)
	at org.testng.SuiteRunnerWorker.run(SuiteRunnerWorker.java:86)
	at org.testng.TestNG.runSuitesSequentially(TestNG.java:1284)
	at org.testng.TestNG.runSuitesLocally(TestNG.java:1209)
	at org.testng.TestNG.runSuites(TestNG.java:1124)
	at org.testng.TestNG.run(TestNG.java:1096)
	at org.testng.remote.AbstractRemoteTestNG.run(AbstractRemoteTestNG.java:132)
	at org.testng.remote.RemoteTestNG.initAndRun(RemoteTestNG.java:236)
	at org.testng.remote.RemoteTestNG.main(RemoteTestNG.java:81)
]]>
            </full-stacktrace>
          </exception> <!-- java.lang.AssertionError -->
          <reporter-output>
          </reporter-output>
        </test-method> <!-- VerifySupportingDocumentIsSaved -->
        <test-method status="PASS" signature="closebrowser()[pri:0, instance:testScripts.SupportingDocumentTest@3c0ecd4b]" name="closebrowser" is-config="true" duration-ms="129" started-at="2017-05-25T15:51:42Z" finished-at="2017-05-25T15:51:42Z">
          <reporter-output>
          </reporter-output>
        </test-method> <!-- closebrowser -->
      </class> <!-- testScripts.SupportingDocumentTest -->
      <class name="testScripts.ReferenceTest">
        <test-method status="PASS" signature="openbrowser()[pri:0, instance:testScripts.ReferenceTest@598067a5]" name="openbrowser" is-config="true" duration-ms="11465" started-at="2017-05-25T15:48:16Z" finished-at="2017-05-25T15:48:28Z">
          <reporter-output>
          </reporter-output>
        </test-method> <!-- openbrowser -->
        <test-method status="PASS" signature="DeleteApplicant()[pri:0, instance:testScripts.ReferenceTest@598067a5]" name="DeleteApplicant" duration-ms="57689" started-at="2017-05-25T15:48:28Z" finished-at="2017-05-25T15:49:25Z">
          <reporter-output>
          </reporter-output>
        </test-method> <!-- DeleteApplicant -->
        <test-method status="PASS" signature="closebrowser()[pri:0, instance:testScripts.ReferenceTest@598067a5]" name="closebrowser" is-config="true" duration-ms="158" started-at="2017-05-25T15:49:25Z" finished-at="2017-05-25T15:49:26Z">
          <reporter-output>
          </reporter-output>
        </test-method> <!-- closebrowser -->
        <test-method status="PASS" signature="openbrowser()[pri:0, instance:testScripts.ReferenceTest@598067a5]" name="openbrowser" is-config="true" duration-ms="1709" started-at="2017-05-25T15:49:26Z" finished-at="2017-05-25T15:49:27Z">
          <reporter-output>
          </reporter-output>
        </test-method> <!-- openbrowser -->
        <test-method status="FAIL" signature="SaveReference()[pri:0, instance:testScripts.ReferenceTest@598067a5]" name="SaveReference" duration-ms="54192" started-at="2017-05-25T15:49:27Z" finished-at="2017-05-25T15:50:22Z">
          <exception class="java.lang.AssertionError">
            <message>
              <![CDATA[The following asserts failed:
	Reference Name1 is not Saved expected [true] but found [false],
	Reference Name2 is not Saved expected [true] but found [false],
	Reference Name3 is not Saved expected [true] but found [false],
	Contact 1 is not Saved expected [true] but found [false],
	Contact 2 is not Saved expected [true] but found [false],
	Contact 2 is not Saved expected [true] but found [false]]]>
            </message>
            <full-stacktrace>
              <![CDATA[java.lang.AssertionError: The following asserts failed:
	Reference Name1 is not Saved expected [true] but found [false],
	Reference Name2 is not Saved expected [true] but found [false],
	Reference Name3 is not Saved expected [true] but found [false],
	Contact 1 is not Saved expected [true] but found [false],
	Contact 2 is not Saved expected [true] but found [false],
	Contact 2 is not Saved expected [true] but found [false]
	at org.testng.asserts.SoftAssert.assertAll(SoftAssert.java:43)
	at testScripts.ReferenceTest.SaveReference(ReferenceTest.java:129)
	at sun.reflect.NativeMethodAccessorImpl.invoke0(Native Method)
	at sun.reflect.NativeMethodAccessorImpl.invoke(Unknown Source)
	at sun.reflect.DelegatingMethodAccessorImpl.invoke(Unknown Source)
	at java.lang.reflect.Method.invoke(Unknown Source)
	at org.testng.internal.MethodInvocationHelper.invokeMethod(MethodInvocationHelper.java:100)
	at org.testng.internal.Invoker.invokeMethod(Invoker.java:646)
	at org.testng.internal.Invoker.invokeTestMethod(Invoker.java:811)
	at org.testng.internal.Invoker.invokeTestMethods(Invoker.java:1137)
	at org.testng.internal.TestMethodWorker.invokeTestMethods(TestMethodWorker.java:129)
	at org.testng.internal.TestMethodWorker.run(TestMethodWorker.java:112)
	at org.testng.TestRunner.privateRun(TestRunner.java:753)
	at org.testng.TestRunner.run(TestRunner.java:607)
	at org.testng.SuiteRunner.runTest(SuiteRunner.java:368)
	at org.testng.SuiteRunner.runSequentially(SuiteRunner.java:363)
	at org.testng.SuiteRunner.privateRun(SuiteRunner.java:321)
	at org.testng.SuiteRunner.run(SuiteRunner.java:270)
	at org.testng.SuiteRunnerWorker.runSuite(SuiteRunnerWorker.java:52)
	at org.testng.SuiteRunnerWorker.run(SuiteRunnerWorker.java:86)
	at org.testng.TestNG.runSuitesSequentially(TestNG.java:1284)
	at org.testng.TestNG.runSuitesLocally(TestNG.java:1209)
	at org.testng.TestNG.runSuites(TestNG.java:1124)
	at org.testng.TestNG.run(TestNG.java:1096)
	at org.testng.remote.AbstractRemoteTestNG.run(AbstractRemoteTestNG.java:132)
	at org.testng.remote.RemoteTestNG.initAndRun(RemoteTestNG.java:236)
	at org.testng.remote.RemoteTestNG.main(RemoteTestNG.java:81)
]]>
            </full-stacktrace>
          </exception> <!-- java.lang.AssertionError -->
          <reporter-output>
          </reporter-output>
        </test-method> <!-- SaveReference -->
        <test-method status="PASS" signature="closebrowser()[pri:0, instance:testScripts.ReferenceTest@598067a5]" name="closebrowser" is-config="true" duration-ms="232" started-at="2017-05-25T15:50:22Z" finished-at="2017-05-25T15:50:22Z">
          <reporter-output>
          </reporter-output>
        </test-method> <!-- closebrowser -->
      </class> <!-- testScripts.ReferenceTest -->
      <class name="testScripts.ApplicationSummaryTest">
        <test-method status="PASS" signature="openbrowser()[pri:0, instance:testScripts.ApplicationSummaryTest@14bf9759]" name="openbrowser" is-config="true" duration-ms="1341" started-at="2017-05-25T15:51:42Z" finished-at="2017-05-25T15:51:44Z">
          <reporter-output>
          </reporter-output>
        </test-method> <!-- openbrowser -->
        <test-method status="PASS" signature="VerifyApplicationSummary()[pri:0, instance:testScripts.ApplicationSummaryTest@14bf9759]" name="VerifyApplicationSummary" duration-ms="75319" started-at="2017-05-25T15:51:44Z" finished-at="2017-05-25T15:52:59Z">
          <reporter-output>
          </reporter-output>
        </test-method> <!-- VerifyApplicationSummary -->
        <test-method status="PASS" signature="closebrowser()[pri:0, instance:testScripts.ApplicationSummaryTest@14bf9759]" name="closebrowser" is-config="true" duration-ms="138" started-at="2017-05-25T15:52:59Z" finished-at="2017-05-25T15:52:59Z">
          <reporter-output>
          </reporter-output>
        </test-method> <!-- closebrowser -->
        <test-method status="PASS" signature="openbrowser()[pri:0, instance:testScripts.ApplicationSummaryTest@14bf9759]" name="openbrowser" is-config="true" duration-ms="1644" started-at="2017-05-25T15:52:59Z" finished-at="2017-05-25T15:53:01Z">
          <reporter-output>
          </reporter-output>
        </test-method> <!-- openbrowser -->
        <test-method status="PASS" signature="VerifySubmittedApplication()[pri:0, instance:testScripts.ApplicationSummaryTest@14bf9759]" name="VerifySubmittedApplication" duration-ms="91994" started-at="2017-05-25T15:53:01Z" finished-at="2017-05-25T15:54:33Z">
          <reporter-output>
          </reporter-output>
        </test-method> <!-- VerifySubmittedApplication -->
        <test-method status="PASS" signature="closebrowser()[pri:0, instance:testScripts.ApplicationSummaryTest@14bf9759]" name="closebrowser" is-config="true" duration-ms="136" started-at="2017-05-25T15:54:33Z" finished-at="2017-05-25T15:54:33Z">
          <reporter-output>
          </reporter-output>
        </test-method> <!-- closebrowser -->
      </class> <!-- testScripts.ApplicationSummaryTest -->
      <class name="testScripts.FosterCareTest">
        <test-method status="PASS" signature="openbrowser()[pri:0, instance:testScripts.FosterCareTest@57fffcd7]" name="openbrowser" is-config="true" duration-ms="1694" started-at="2017-05-25T15:46:32Z" finished-at="2017-05-25T15:46:34Z">
          <reporter-output>
          </reporter-output>
        </test-method> <!-- openbrowser -->
        <test-method status="PASS" signature="SaveQuestionnaire()[pri:0, instance:testScripts.FosterCareTest@57fffcd7]" name="SaveQuestionnaire" duration-ms="59808" started-at="2017-05-25T15:46:34Z" finished-at="2017-05-25T15:47:34Z">
          <reporter-output>
          </reporter-output>
        </test-method> <!-- SaveQuestionnaire -->
        <test-method status="PASS" signature="closebrowser()[pri:0, instance:testScripts.FosterCareTest@57fffcd7]" name="closebrowser" is-config="true" duration-ms="176" started-at="2017-05-25T15:47:34Z" finished-at="2017-05-25T15:47:34Z">
          <reporter-output>
          </reporter-output>
        </test-method> <!-- closebrowser -->
      </class> <!-- testScripts.FosterCareTest -->
      <class name="testScripts.AddressInformationTest">
        <test-method status="PASS" signature="openbrowser()[pri:0, instance:testScripts.AddressInformationTest@3abbfa04]" name="openbrowser" is-config="true" duration-ms="1679" started-at="2017-05-25T15:46:01Z" finished-at="2017-05-25T15:46:02Z">
          <reporter-output>
          </reporter-output>
        </test-method> <!-- openbrowser -->
        <test-method status="PASS" signature="SaveAddressInformation()[pri:0, instance:testScripts.AddressInformationTest@3abbfa04]" name="SaveAddressInformation" duration-ms="30089" started-at="2017-05-25T15:46:02Z" finished-at="2017-05-25T15:46:32Z">
          <reporter-output>
          </reporter-output>
        </test-method> <!-- SaveAddressInformation -->
        <test-method status="PASS" signature="closebrowser()[pri:0, instance:testScripts.AddressInformationTest@3abbfa04]" name="closebrowser" is-config="true" duration-ms="107" started-at="2017-05-25T15:46:32Z" finished-at="2017-05-25T15:46:32Z">
          <reporter-output>
          </reporter-output>
        </test-method> <!-- closebrowser -->
      </class> <!-- testScripts.AddressInformationTest -->
    </test> <!-- User Stories -->
  </suite> <!-- Provider Portal Suite -->
</testng-results>
